
> ecowatt-cloud@0.1.0 dev
> next dev --turbopack

   ▲ Next.js 15.5.3 (Turbopack)
   - Local:        http://localhost:3000
   - Network:      http://10.10.46.17:3000
   - Environments: .env

 ✓ Starting...
 ✓ Ready in 2.1s
 ○ Compiling /api/data ...
 ✓ Compiled /api/data in 2.9s
Fetching eco_data from Supabase...
Successfully fetched 1 records
 GET /api/data 200 in 5297ms
Fetching eco_data from Supabase...
Successfully fetched 1 records
 GET /api/data 200 in 824ms
 ✓ Compiled /api/cloud/write in 424ms
=== Cloud API Write Request ===
Received frame: 47 bytes
Frame hex: 00 05 0a 28 00 50 09 00 04 1f 00 00 04 99 13 00 04 ec 0f 00 04 c7 0c 00 04 09 00 00 04 0a 00 00 04 47 01 00 04 32 00 00 04 bd 02 00 04 fd 1d
CRC Debug - Received: 0x1dfd, Calculated: 0x1dfd
Data without CRC: 45 bytes
Header: 5 bytes
Compressed payload: 40 bytes
Header parsed: {
  compressionMethod: 0,
  numReadings: 5,
  valuesPerReading: 10,
  dataLengthLow: 40,
  dataLengthHigh: 0,
  dataLength: 40
}
Decompressing 40 bytes of compressed data
Value 1: 2384 (bytes: 80, 9, 0, 4)
Value 2: 31 (bytes: 31, 0, 0, 4)
Value 3: 5017 (bytes: 153, 19, 0, 4)
Value 4: 4076 (bytes: 236, 15, 0, 4)
Value 5: 3271 (bytes: 199, 12, 0, 4)
Value 6: 9 (bytes: 9, 0, 0, 4)
Value 7: 10 (bytes: 10, 0, 0, 4)
Value 8: 327 (bytes: 71, 1, 0, 4)
Value 9: 50 (bytes: 50, 0, 0, 4)
Value 10: 701 (bytes: 189, 2, 0, 4)
Decompressed 10 values: [
  2384,  31, 5017, 4076,
  3271,   9,   10,  327,
    50, 701
]
Extracted 10 sensor values: [
  2384,  31, 5017, 4076,
  3271,   9,   10,  327,
    50, 701
]

=== Storing 10 sensor values ===
Preparing to store data record: {
  deviceId: 'ecowatt_device',
  valuesCount: 10,
  values: [
    2384,  31, 5017, 4076,
    3271,   9,   10,  327,
      50, 701
  ]
}
Database insert error details: {
  message: "Could not find the 'compressedPayload' column of 'eco_data' in the schema cache",
  details: null,
  hint: null,
  code: 'PGRST204'
}
Database storage failed, but API processing was successful
=== Success Response ===
✅ Frame processed successfully
✅ Values extracted: [
  2384,  31, 5017, 4076,
  3271,   9,   10,  327,
    50, 701
]
📊 Storage result: SKIPPED
⚠️ Storage issue: Could not find the 'compressedPayload' column of 'eco_data' in the schema cache
 POST /api/cloud/write 200 in 1897ms
=== Cloud API Write Request ===
Received frame: 47 bytes
Frame hex: 00 05 0a 28 00 50 09 00 04 1f 00 00 04 99 13 00 04 ec 0f 00 04 c7 0c 00 04 09 00 00 04 0a 00 00 04 47 01 00 04 32 00 00 04 bd 02 00 04 fd 1d
CRC Debug - Received: 0x1dfd, Calculated: 0x1dfd
Data without CRC: 45 bytes
Header: 5 bytes
Compressed payload: 40 bytes
Header parsed: {
  compressionMethod: 0,
  numReadings: 5,
  valuesPerReading: 10,
  dataLengthLow: 40,
  dataLengthHigh: 0,
  dataLength: 40
}
Decompressing 40 bytes of compressed data
Value 1: 2384 (bytes: 80, 9, 0, 4)
Value 2: 31 (bytes: 31, 0, 0, 4)
Value 3: 5017 (bytes: 153, 19, 0, 4)
Value 4: 4076 (bytes: 236, 15, 0, 4)
Value 5: 3271 (bytes: 199, 12, 0, 4)
Value 6: 9 (bytes: 9, 0, 0, 4)
Value 7: 10 (bytes: 10, 0, 0, 4)
Value 8: 327 (bytes: 71, 1, 0, 4)
Value 9: 50 (bytes: 50, 0, 0, 4)
Value 10: 701 (bytes: 189, 2, 0, 4)
Decompressed 10 values: [
  2384,  31, 5017, 4076,
  3271,   9,   10,  327,
    50, 701
]
Extracted 10 sensor values: [
  2384,  31, 5017, 4076,
  3271,   9,   10,  327,
    50, 701
]

=== Storing 10 sensor values ===
Preparing to store data record: {
  device_id: 'ecowatt_device',
  valuesCount: 10,
  values: [
    2384,  31, 5017, 4076,
    3271,   9,   10,  327,
      50, 701
  ]
}
✅ Successfully stored sensor data for device ecowatt_device: { id: 2, device_id: 'ecowatt_device', valuesStored: 10 }
=== Success Response ===
✅ Frame processed successfully
✅ Values extracted: [
  2384,  31, 5017, 4076,
  3271,   9,   10,  327,
    50, 701
]
📊 Storage result: SUCCESS
💾 Data stored in database with ID: 2
 POST /api/cloud/write 200 in 1524ms
Fetching eco_data from Supabase...
Successfully fetched 2 records
 GET /api/data 200 in 1156ms
[?25h
